{"/Users/veroled/projects/fullstack-javascript-project-46/src/index.js": {"path":"/Users/veroled/projects/fullstack-javascript-project-46/src/index.js","statementMap":{"0":{"start":{"line":5,"column":19},"end":{"line":5,"column":62}},"1":{"start":{"line":5,"column":29},"end":{"line":5,"column":62}},"2":{"start":{"line":6,"column":20},"end":{"line":6,"column":69}},"3":{"start":{"line":6,"column":30},"end":{"line":6,"column":69}},"4":{"start":{"line":7,"column":19},"end":{"line":7,"column":58}},"5":{"start":{"line":7,"column":29},"end":{"line":7,"column":58}},"6":{"start":{"line":9,"column":16},"end":{"line":30,"column":1}},"7":{"start":{"line":10,"column":16},"end":{"line":10,"column":37}},"8":{"start":{"line":11,"column":16},"end":{"line":11,"column":37}},"9":{"start":{"line":12,"column":16},"end":{"line":12,"column":34}},"10":{"start":{"line":13,"column":16},"end":{"line":13,"column":34}},"11":{"start":{"line":14,"column":15},"end":{"line":14,"column":36}},"12":{"start":{"line":15,"column":19},"end":{"line":15,"column":33}},"13":{"start":{"line":16,"column":17},"end":{"line":28,"column":8}},"14":{"start":{"line":18,"column":4},"end":{"line":26,"column":5}},"15":{"start":{"line":19,"column":6},"end":{"line":19,"column":45}},"16":{"start":{"line":20,"column":11},"end":{"line":26,"column":5}},"17":{"start":{"line":21,"column":6},"end":{"line":21,"column":45}},"18":{"start":{"line":23,"column":6},"end":{"line":25,"column":67}},"19":{"start":{"line":27,"column":4},"end":{"line":27,"column":31}},"20":{"start":{"line":29,"column":2},"end":{"line":29,"column":38}}},"fnMap":{"0":{"name":"(anonymous_0)","decl":{"start":{"line":5,"column":19},"end":{"line":5,"column":20}},"loc":{"start":{"line":5,"column":29},"end":{"line":5,"column":62}},"line":5},"1":{"name":"(anonymous_1)","decl":{"start":{"line":6,"column":20},"end":{"line":6,"column":21}},"loc":{"start":{"line":6,"column":30},"end":{"line":6,"column":69}},"line":6},"2":{"name":"(anonymous_2)","decl":{"start":{"line":7,"column":19},"end":{"line":7,"column":20}},"loc":{"start":{"line":7,"column":29},"end":{"line":7,"column":58}},"line":7},"3":{"name":"(anonymous_3)","decl":{"start":{"line":9,"column":16},"end":{"line":9,"column":17}},"loc":{"start":{"line":9,"column":42},"end":{"line":30,"column":1}},"line":9},"4":{"name":"(anonymous_4)","decl":{"start":{"line":16,"column":33},"end":{"line":16,"column":34}},"loc":{"start":{"line":16,"column":47},"end":{"line":28,"column":3}},"line":16}},"branchMap":{"0":{"loc":{"start":{"line":18,"column":4},"end":{"line":26,"column":5}},"type":"if","locations":[{"start":{"line":18,"column":4},"end":{"line":26,"column":5}},{"start":{"line":20,"column":11},"end":{"line":26,"column":5}}],"line":18},"1":{"loc":{"start":{"line":20,"column":11},"end":{"line":26,"column":5}},"type":"if","locations":[{"start":{"line":20,"column":11},"end":{"line":26,"column":5}},{"start":{"line":22,"column":11},"end":{"line":26,"column":5}}],"line":20},"2":{"loc":{"start":{"line":23,"column":15},"end":{"line":25,"column":66}},"type":"cond-expr","locations":[{"start":{"line":24,"column":10},"end":{"line":24,"column":39}},{"start":{"line":25,"column":10},"end":{"line":25,"column":66}}],"line":23}},"s":{"0":1,"1":2,"2":1,"3":2,"4":1,"5":2,"6":1,"7":1,"8":1,"9":1,"10":1,"11":1,"12":1,"13":1,"14":5,"15":2,"16":3,"17":1,"18":2,"19":5,"20":1},"f":{"0":2,"1":2,"2":2,"3":1,"4":5},"b":{"0":[2,3],"1":[1,2],"2":[1,1]},"_coverageSchema":"1a1c01bbd47fc00a2c39e90264f33305004495a9","hash":"46f355d0754bc2915ebc909c6f725070ebe87c30"}
}
